# JRE version: Java(TM) SE Runtime Environment (8.0_161-b12) (build 1.8.0_161-b12)
# Java VM: Java HotSpot(TM) 64-Bit Server VM (25.161-b12 mixed mode windows-amd64 compressed oops)
Heap:
 PSYoungGen      total 115200K, used 60661K [0x00000000d5b00000, 0x00000000dd680000, 0x0000000100000000)
  eden space 103936K, 49% used [0x00000000d5b00000,0x00000000d8d22220,0x00000000dc080000)
  from space 11264K, 82% used [0x00000000dc080000,0x00000000dc99b3d0,0x00000000dcb80000)
  to   space 9728K, 0% used [0x00000000dcb80000,0x00000000dcb80000,0x00000000dd500000)
 ParOldGen       total 52224K, used 21131K [0x0000000081000000, 0x0000000084300000, 0x00000000d5b00000)
  object space 52224K, 40% used [0x0000000081000000,0x00000000824a2f78,0x0000000084300000)
 Metaspace       used 44219K, capacity 46198K, committed 46464K, reserved 1089536K
  class space    used 6065K, capacity 6477K, committed 6528K, reserved 1048576K
GC Heap History (10 events):
Event: 8.065 GC heap before
{Heap before GC invocations=9 (full 1):
 PSYoungGen      total 71680K, used 69015K [0x00000000d5b00000, 0x00000000dd500000, 0x0000000100000000)
  eden space 61952K, 100% used [0x00000000d5b00000,0x00000000d9780000,0x00000000d9780000)
  from space 9728K, 72% used [0x00000000d9780000,0x00000000d9e65ea8,0x00000000da100000)
  to   space 9728K, 0% used [0x00000000dcb80000,0x00000000dcb80000,0x00000000dd500000)
 ParOldGen       total 52224K, used 10375K [0x0000000081000000, 0x0000000084300000, 0x00000000d5b00000)
  object space 52224K, 19% used [0x0000000081000000,0x0000000081a21fe8,0x0000000084300000)
 Metaspace       used 26542K, capacity 27660K, committed 27776K, reserved 1073152K
  class space    used 3638K, capacity 3904K, committed 3968K, reserved 1048576K
Event: 8.076 GC heap after
Heap after GC invocations=9 (full 1):
 PSYoungGen      total 113664K, used 9714K [0x00000000d5b00000, 0x00000000dd680000, 0x0000000100000000)
  eden space 103936K, 0% used [0x00000000d5b00000,0x00000000d5b00000,0x00000000dc080000)
  from space 9728K, 99% used [0x00000000dcb80000,0x00000000dd4fc910,0x00000000dd500000)
  to   space 11264K, 0% used [0x00000000dc080000,0x00000000dc080000,0x00000000dcb80000)
 ParOldGen       total 52224K, used 10911K [0x0000000081000000, 0x0000000084300000, 0x00000000d5b00000)
  object space 52224K, 20% used [0x0000000081000000,0x0000000081aa7d48,0x0000000084300000)
 Metaspace       used 26542K, capacity 27660K, committed 27776K, reserved 1073152K
  class space    used 3638K, capacity 3904K, committed 3968K, reserved 1048576K
}
Event: 9.735 GC heap before
{Heap before GC invocations=10 (full 1):
 PSYoungGen      total 113664K, used 113650K [0x00000000d5b00000, 0x00000000dd680000, 0x0000000100000000)
  eden space 103936K, 100% used [0x00000000d5b00000,0x00000000dc080000,0x00000000dc080000)
  from space 9728K, 99% used [0x00000000dcb80000,0x00000000dd4fc910,0x00000000dd500000)
  to   space 11264K, 0% used [0x00000000dc080000,0x00000000dc080000,0x00000000dcb80000)
 ParOldGen       total 52224K, used 10911K [0x0000000081000000, 0x0000000084300000, 0x00000000d5b00000)
  object space 52224K, 20% used [0x0000000081000000,0x0000000081aa7d48,0x0000000084300000)
 Metaspace       used 30475K, capacity 32062K, committed 32128K, reserved 1077248K
  class space    used 4138K, capacity 4475K, committed 4480K, reserved 1048576K
Event: 9.751 GC heap after
Heap after GC invocations=10 (full 1):
 PSYoungGen      total 115200K, used 8914K [0x00000000d5b00000, 0x00000000dd680000, 0x0000000100000000)
  eden space 103936K, 0% used [0x00000000d5b00000,0x00000000d5b00000,0x00000000dc080000)
  from space 11264K, 79% used [0x00000000dc080000,0x00000000dc934b40,0x00000000dcb80000)
  to   space 9728K, 0% used [0x00000000dcb80000,0x00000000dcb80000,0x00000000dd500000)
 ParOldGen       total 52224K, used 15908K [0x0000000081000000, 0x0000000084300000, 0x00000000d5b00000)
  object space 52224K, 30% used [0x0000000081000000,0x0000000081f893f0,0x0000000084300000)
 Metaspace       used 30475K, capacity 32062K, committed 32128K, reserved 1077248K
  class space    used 4138K, capacity 4475K, committed 4480K, reserved 1048576K
}
Event: 11.005 GC heap before
{Heap before GC invocations=11 (full 1):
 PSYoungGen      total 115200K, used 99548K [0x00000000d5b00000, 0x00000000dd680000, 0x0000000100000000)
  eden space 103936K, 87% used [0x00000000d5b00000,0x00000000db3827d8,0x00000000dc080000)
  from space 11264K, 79% used [0x00000000dc080000,0x00000000dc934b40,0x00000000dcb80000)
  to   space 9728K, 0% used [0x00000000dcb80000,0x00000000dcb80000,0x00000000dd500000)
 ParOldGen       total 52224K, used 15908K [0x0000000081000000, 0x0000000084300000, 0x00000000d5b00000)
  object space 52224K, 30% used [0x0000000081000000,0x0000000081f893f0,0x0000000084300000)
 Metaspace       used 33871K, capacity 35468K, committed 35496K, reserved 1079296K
  class space    used 4523K, capacity 4856K, committed 4864K, reserved 1048576K
Event: 11.017 GC heap after
Heap after GC invocations=11 (full 1):
 PSYoungGen      total 113664K, used 8201K [0x00000000d5b00000, 0x00000000dd680000, 0x0000000100000000)
  eden space 103936K, 0% used [0x00000000d5b00000,0x00000000d5b00000,0x00000000dc080000)
  from space 9728K, 84% used [0x00000000dcb80000,0x00000000dd3824d0,0x00000000dd500000)
  to   space 11264K, 0% used [0x00000000dc080000,0x00000000dc080000,0x00000000dcb80000)
 ParOldGen       total 52224K, used 18710K [0x0000000081000000, 0x0000000084300000, 0x00000000d5b00000)
  object space 52224K, 35% used [0x0000000081000000,0x00000000822458b0,0x0000000084300000)
 Metaspace       used 33871K, capacity 35468K, committed 35496K, reserved 1079296K
  class space    used 4523K, capacity 4856K, committed 4864K, reserved 1048576K
}
Event: 11.017 GC heap before
{Heap before GC invocations=12 (full 2):
 PSYoungGen      total 113664K, used 8201K [0x00000000d5b00000, 0x00000000dd680000, 0x0000000100000000)
  eden space 103936K, 0% used [0x00000000d5b00000,0x00000000d5b00000,0x00000000dc080000)
  from space 9728K, 84% used [0x00000000dcb80000,0x00000000dd3824d0,0x00000000dd500000)
  to   space 11264K, 0% used [0x00000000dc080000,0x00000000dc080000,0x00000000dcb80000)
 ParOldGen       total 52224K, used 18710K [0x0000000081000000, 0x0000000084300000, 0x00000000d5b00000)
  object space 52224K, 35% used [0x0000000081000000,0x00000000822458b0,0x0000000084300000)
 Metaspace       used 33871K, capacity 35468K, committed 35496K, reserved 1079296K
  class space    used 4523K, capacity 4856K, committed 4864K, reserved 1048576K
Event: 11.121 GC heap after
Heap after GC invocations=12 (full 2):
 PSYoungGen      total 113664K, used 0K [0x00000000d5b00000, 0x00000000dd680000, 0x0000000100000000)
  eden space 103936K, 0% used [0x00000000d5b00000,0x00000000d5b00000,0x00000000dc080000)
  from space 9728K, 0% used [0x00000000dcb80000,0x00000000dcb80000,0x00000000dd500000)
  to   space 11264K, 0% used [0x00000000dc080000,0x00000000dc080000,0x00000000dcb80000)
 ParOldGen       total 52224K, used 21123K [0x0000000081000000, 0x0000000084300000, 0x00000000d5b00000)
  object space 52224K, 40% used [0x0000000081000000,0x00000000824a0f78,0x0000000084300000)
 Metaspace       used 33871K, capacity 35468K, committed 35496K, reserved 1079296K
  class space    used 4523K, capacity 4856K, committed 4864K, reserved 1048576K
}
Event: 13.633 GC heap before
{Heap before GC invocations=13 (full 2):
 PSYoungGen      total 113664K, used 103936K [0x00000000d5b00000, 0x00000000dd680000, 0x0000000100000000)
  eden space 103936K, 100% used [0x00000000d5b00000,0x00000000dc080000,0x00000000dc080000)
  from space 9728K, 0% used [0x00000000dcb80000,0x00000000dcb80000,0x00000000dd500000)
  to   space 11264K, 0% used [0x00000000dc080000,0x00000000dc080000,0x00000000dcb80000)
 ParOldGen       total 52224K, used 21123K [0x0000000081000000, 0x0000000084300000, 0x00000000d5b00000)
  object space 52224K, 40% used [0x0000000081000000,0x00000000824a0f78,0x0000000084300000)
 Metaspace       used 42266K, capacity 43998K, committed 44288K, reserved 1087488K
  class space    used 5777K, capacity 6137K, committed 6144K, reserved 1048576K
Event: 13.639 GC heap after
Heap after GC invocations=13 (full 2):
 PSYoungGen      total 115200K, used 9324K [0x00000000d5b00000, 0x00000000dd680000, 0x0000000100000000)
  eden space 103936K, 0% used [0x00000000d5b00000,0x00000000d5b00000,0x00000000dc080000)
  from space 11264K, 82% used [0x00000000dc080000,0x00000000dc99b3d0,0x00000000dcb80000)
  to   space 9728K, 0% used [0x00000000dcb80000,0x00000000dcb80000,0x00000000dd500000)
 ParOldGen       total 52224K, used 21131K [0x0000000081000000, 0x0000000084300000, 0x00000000d5b00000)
  object space 52224K, 40% used [0x0000000081000000,0x00000000824a2f78,0x0000000084300000)
 Metaspace       used 42266K, capacity 43998K, committed 44288K, reserved 1087488K
  class space    used 5777K, capacity 6137K, committed 6144K, reserved 1048576K
}

