# JRE version: Java(TM) SE Runtime Environment (8.0_161-b12) (build 1.8.0_161-b12)
# Java VM: Java HotSpot(TM) 64-Bit Server VM (25.161-b12 mixed mode windows-amd64 compressed oops)
Heap:
 PSYoungGen      total 199168K, used 39051K [0x00000000d5b00000, 0x00000000e4d80000, 0x0000000100000000)
  eden space 187904K, 20% used [0x00000000d5b00000,0x00000000d8122f80,0x00000000e1280000)
  from space 11264K, 0% used [0x00000000e2080000,0x00000000e2080000,0x00000000e2b80000)
  to   space 14336K, 0% used [0x00000000e1280000,0x00000000e1280000,0x00000000e2080000)
 ParOldGen       total 55296K, used 19249K [0x0000000081000000, 0x0000000084600000, 0x00000000d5b00000)
  object space 55296K, 34% used [0x0000000081000000,0x00000000822cc668,0x0000000084600000)
 Metaspace       used 36199K, capacity 37490K, committed 37720K, reserved 1081344K
  class space    used 4661K, capacity 4927K, committed 4992K, reserved 1048576K
GC Heap History (10 events):
Event: 4.313 GC heap before
{Heap before GC invocations=6 (full 1):
 PSYoungGen      total 71680K, used 5111K [0x00000000d5b00000, 0x00000000dee00000, 0x0000000100000000)
  eden space 66560K, 0% used [0x00000000d5b00000,0x00000000d5b00000,0x00000000d9c00000)
  from space 5120K, 99% used [0x00000000d9c00000,0x00000000da0fde48,0x00000000da100000)
  to   space 8704K, 0% used [0x00000000de580000,0x00000000de580000,0x00000000dee00000)
 ParOldGen       total 87552K, used 4207K [0x0000000081000000, 0x0000000086580000, 0x00000000d5b00000)
  object space 87552K, 4% used [0x0000000081000000,0x000000008141bda8,0x0000000086580000)
 Metaspace       used 20628K, capacity 21134K, committed 21248K, reserved 1067008K
  class space    used 2616K, capacity 2771K, committed 2816K, reserved 1048576K
Event: 4.346 GC heap after
Heap after GC invocations=6 (full 1):
 PSYoungGen      total 71680K, used 0K [0x00000000d5b00000, 0x00000000dee00000, 0x0000000100000000)
  eden space 66560K, 0% used [0x00000000d5b00000,0x00000000d5b00000,0x00000000d9c00000)
  from space 5120K, 0% used [0x00000000d9c00000,0x00000000d9c00000,0x00000000da100000)
  to   space 8704K, 0% used [0x00000000de580000,0x00000000de580000,0x00000000dee00000)
 ParOldGen       total 55296K, used 8336K [0x0000000081000000, 0x0000000084600000, 0x00000000d5b00000)
  object space 55296K, 15% used [0x0000000081000000,0x0000000081824178,0x0000000084600000)
 Metaspace       used 20628K, capacity 21134K, committed 21248K, reserved 1067008K
  class space    used 2616K, capacity 2771K, committed 2816K, reserved 1048576K
}
Event: 5.130 GC heap before
{Heap before GC invocations=7 (full 1):
 PSYoungGen      total 71680K, used 66560K [0x00000000d5b00000, 0x00000000dee00000, 0x0000000100000000)
  eden space 66560K, 100% used [0x00000000d5b00000,0x00000000d9c00000,0x00000000d9c00000)
  from space 5120K, 0% used [0x00000000d9c00000,0x00000000d9c00000,0x00000000da100000)
  to   space 8704K, 0% used [0x00000000de580000,0x00000000de580000,0x00000000dee00000)
 ParOldGen       total 55296K, used 8336K [0x0000000081000000, 0x0000000084600000, 0x00000000d5b00000)
  object space 55296K, 15% used [0x0000000081000000,0x0000000081824178,0x0000000084600000)
 Metaspace       used 25244K, capacity 26006K, committed 26240K, reserved 1073152K
  class space    used 3194K, capacity 3377K, committed 3456K, reserved 1048576K
Event: 5.141 GC heap after
Heap after GC invocations=7 (full 1):
 PSYoungGen      total 118784K, used 6301K [0x00000000d5b00000, 0x00000000dec00000, 0x0000000100000000)
  eden space 112128K, 0% used [0x00000000d5b00000,0x00000000d5b00000,0x00000000dc880000)
  from space 6656K, 94% used [0x00000000de580000,0x00000000deba7648,0x00000000dec00000)
  to   space 8704K, 0% used [0x00000000ddb00000,0x00000000ddb00000,0x00000000de380000)
 ParOldGen       total 55296K, used 8344K [0x0000000081000000, 0x0000000084600000, 0x00000000d5b00000)
  object space 55296K, 15% used [0x0000000081000000,0x0000000081826178,0x0000000084600000)
 Metaspace       used 25244K, capacity 26006K, committed 26240K, reserved 1073152K
  class space    used 3194K, capacity 3377K, committed 3456K, reserved 1048576K
}
Event: 6.143 GC heap before
{Heap before GC invocations=8 (full 1):
 PSYoungGen      total 118784K, used 118429K [0x00000000d5b00000, 0x00000000dec00000, 0x0000000100000000)
  eden space 112128K, 100% used [0x00000000d5b00000,0x00000000dc880000,0x00000000dc880000)
  from space 6656K, 94% used [0x00000000de580000,0x00000000deba7648,0x00000000dec00000)
  to   space 8704K, 0% used [0x00000000ddb00000,0x00000000ddb00000,0x00000000de380000)
 ParOldGen       total 55296K, used 8344K [0x0000000081000000, 0x0000000084600000, 0x00000000d5b00000)
  object space 55296K, 15% used [0x0000000081000000,0x0000000081826178,0x0000000084600000)
 Metaspace       used 29501K, capacity 30584K, committed 30720K, reserved 1075200K
  class space    used 3835K, capacity 4074K, committed 4096K, reserved 1048576K
Event: 6.167 GC heap after
Heap after GC invocations=8 (full 1):
 PSYoungGen      total 139776K, used 8700K [0x00000000d5b00000, 0x00000000e2b80000, 0x0000000100000000)
  eden space 131072K, 0% used [0x00000000d5b00000,0x00000000d5b00000,0x00000000ddb00000)
  from space 8704K, 99% used [0x00000000ddb00000,0x00000000de37f208,0x00000000de380000)
  to   space 11264K, 0% used [0x00000000e2080000,0x00000000e2080000,0x00000000e2b80000)
 ParOldGen       total 55296K, used 11665K [0x0000000081000000, 0x0000000084600000, 0x00000000d5b00000)
  object space 55296K, 21% used [0x0000000081000000,0x0000000081b64400,0x0000000084600000)
 Metaspace       used 29501K, capacity 30584K, committed 30720K, reserved 1075200K
  class space    used 3835K, capacity 4074K, committed 4096K, reserved 1048576K
}
Event: 7.770 GC heap before
{Heap before GC invocations=9 (full 1):
 PSYoungGen      total 139776K, used 126068K [0x00000000d5b00000, 0x00000000e2b80000, 0x0000000100000000)
  eden space 131072K, 89% used [0x00000000d5b00000,0x00000000dcd9df28,0x00000000ddb00000)
  from space 8704K, 99% used [0x00000000ddb00000,0x00000000de37f208,0x00000000de380000)
  to   space 11264K, 0% used [0x00000000e2080000,0x00000000e2080000,0x00000000e2b80000)
 ParOldGen       total 55296K, used 11665K [0x0000000081000000, 0x0000000084600000, 0x00000000d5b00000)
  object space 55296K, 21% used [0x0000000081000000,0x0000000081b64400,0x0000000084600000)
 Metaspace       used 34080K, capacity 35296K, committed 35416K, reserved 1079296K
  class space    used 4406K, capacity 4678K, committed 4736K, reserved 1048576K
Event: 7.786 GC heap after
Heap after GC invocations=9 (full 1):
 PSYoungGen      total 199168K, used 11253K [0x00000000d5b00000, 0x00000000e4d80000, 0x0000000100000000)
  eden space 187904K, 0% used [0x00000000d5b00000,0x00000000d5b00000,0x00000000e1280000)
  from space 11264K, 99% used [0x00000000e2080000,0x00000000e2b7d470,0x00000000e2b80000)
  to   space 14336K, 0% used [0x00000000e1280000,0x00000000e1280000,0x00000000e2080000)
 ParOldGen       total 55296K, used 15243K [0x0000000081000000, 0x0000000084600000, 0x00000000d5b00000)
  object space 55296K, 27% used [0x0000000081000000,0x0000000081ee2f00,0x0000000084600000)
 Metaspace       used 34080K, capacity 35296K, committed 35416K, reserved 1079296K
  class space    used 4406K, capacity 4678K, committed 4736K, reserved 1048576K
}
Event: 7.786 GC heap before
{Heap before GC invocations=10 (full 2):
 PSYoungGen      total 199168K, used 11253K [0x00000000d5b00000, 0x00000000e4d80000, 0x0000000100000000)
  eden space 187904K, 0% used [0x00000000d5b00000,0x00000000d5b00000,0x00000000e1280000)
  from space 11264K, 99% used [0x00000000e2080000,0x00000000e2b7d470,0x00000000e2b80000)
  to   space 14336K, 0% used [0x00000000e1280000,0x00000000e1280000,0x00000000e2080000)
 ParOldGen       total 55296K, used 15243K [0x0000000081000000, 0x0000000084600000, 0x00000000d5b00000)
  object space 55296K, 27% used [0x0000000081000000,0x0000000081ee2f00,0x0000000084600000)
 Metaspace       used 34080K, capacity 35296K, committed 35416K, reserved 1079296K
  class space    used 4406K, capacity 4678K, committed 4736K, reserved 1048576K
Event: 7.866 GC heap after
Heap after GC invocations=10 (full 2):
 PSYoungGen      total 199168K, used 0K [0x00000000d5b00000, 0x00000000e4d80000, 0x0000000100000000)
  eden space 187904K, 0% used [0x00000000d5b00000,0x00000000d5b00000,0x00000000e1280000)
  from space 11264K, 0% used [0x00000000e2080000,0x00000000e2080000,0x00000000e2b80000)
  to   space 14336K, 0% used [0x00000000e1280000,0x00000000e1280000,0x00000000e2080000)
 ParOldGen       total 55296K, used 19249K [0x0000000081000000, 0x0000000084600000, 0x00000000d5b00000)
  object space 55296K, 34% used [0x0000000081000000,0x00000000822cc668,0x0000000084600000)
 Metaspace       used 34080K, capacity 35296K, committed 35416K, reserved 1079296K
  class space    used 4406K, capacity 4678K, committed 4736K, reserved 1048576K
}

