# JRE version: Java(TM) SE Runtime Environment (8.0_161-b12) (build 1.8.0_161-b12)
# Java VM: Java HotSpot(TM) 64-Bit Server VM (25.161-b12 mixed mode windows-amd64 compressed oops)
Heap:
 PSYoungGen      total 139776K, used 34928K [0x00000000d5b00000, 0x00000000e2300000, 0x0000000100000000)
  eden space 131072K, 20% used [0x00000000d5b00000,0x00000000d74a0c60,0x00000000ddb00000)
  from space 8704K, 99% used [0x00000000ddb00000,0x00000000de37b500,0x00000000de380000)
  to   space 11264K, 0% used [0x00000000e1800000,0x00000000e1800000,0x00000000e2300000)
 ParOldGen       total 55808K, used 11645K [0x0000000081000000, 0x0000000084680000, 0x00000000d5b00000)
  object space 55808K, 20% used [0x0000000081000000,0x0000000081b5f578,0x0000000084680000)
 Metaspace       used 30850K, capacity 31946K, committed 32128K, reserved 1077248K
  class space    used 3997K, capacity 4205K, committed 4224K, reserved 1048576K
GC Heap History (10 events):
Event: 4.284 GC heap before
{Heap before GC invocations=4 (full 0):
 PSYoungGen      total 38400K, used 38371K [0x00000000d5b00000, 0x00000000da600000, 0x0000000100000000)
  eden space 33280K, 100% used [0x00000000d5b00000,0x00000000d7b80000,0x00000000d7b80000)
  from space 5120K, 99% used [0x00000000d7b80000,0x00000000d8078d70,0x00000000d8080000)
  to   space 5120K, 0% used [0x00000000da100000,0x00000000da100000,0x00000000da600000)
 ParOldGen       total 87552K, used 59K [0x0000000081000000, 0x0000000086580000, 0x00000000d5b00000)
  object space 87552K, 0% used [0x0000000081000000,0x000000008100ecc8,0x0000000086580000)
 Metaspace       used 16386K, capacity 16874K, committed 17152K, reserved 1064960K
  class space    used 2117K, capacity 2257K, committed 2304K, reserved 1048576K
Event: 4.294 GC heap after
Heap after GC invocations=4 (full 0):
 PSYoungGen      total 71680K, used 5104K [0x00000000d5b00000, 0x00000000da600000, 0x0000000100000000)
  eden space 66560K, 0% used [0x00000000d5b00000,0x00000000d5b00000,0x00000000d9c00000)
  from space 5120K, 99% used [0x00000000da100000,0x00000000da5fc3f0,0x00000000da600000)
  to   space 5120K, 0% used [0x00000000d9c00000,0x00000000d9c00000,0x00000000da100000)
 ParOldGen       total 87552K, used 836K [0x0000000081000000, 0x0000000086580000, 0x00000000d5b00000)
  object space 87552K, 0% used [0x0000000081000000,0x00000000810d12a8,0x0000000086580000)
 Metaspace       used 16386K, capacity 16874K, committed 17152K, reserved 1064960K
  class space    used 2117K, capacity 2257K, committed 2304K, reserved 1048576K
}
Event: 4.750 GC heap before
{Heap before GC invocations=5 (full 0):
 PSYoungGen      total 71680K, used 50269K [0x00000000d5b00000, 0x00000000da600000, 0x0000000100000000)
  eden space 66560K, 67% used [0x00000000d5b00000,0x00000000d871b098,0x00000000d9c00000)
  from space 5120K, 99% used [0x00000000da100000,0x00000000da5fc3f0,0x00000000da600000)
  to   space 5120K, 0% used [0x00000000d9c00000,0x00000000d9c00000,0x00000000da100000)
 ParOldGen       total 87552K, used 836K [0x0000000081000000, 0x0000000086580000, 0x00000000d5b00000)
  object space 87552K, 0% used [0x0000000081000000,0x00000000810d12a8,0x0000000086580000)
 Metaspace       used 20634K, capacity 21166K, committed 21248K, reserved 1067008K
  class space    used 2624K, capacity 2803K, committed 2816K, reserved 1048576K
Event: 4.762 GC heap after
Heap after GC invocations=5 (full 0):
 PSYoungGen      total 71680K, used 5093K [0x00000000d5b00000, 0x00000000dee00000, 0x0000000100000000)
  eden space 66560K, 0% used [0x00000000d5b00000,0x00000000d5b00000,0x00000000d9c00000)
  from space 5120K, 99% used [0x00000000d9c00000,0x00000000da0f9798,0x00000000da100000)
  to   space 8704K, 0% used [0x00000000de580000,0x00000000de580000,0x00000000dee00000)
 ParOldGen       total 87552K, used 4273K [0x0000000081000000, 0x0000000086580000, 0x00000000d5b00000)
  object space 87552K, 4% used [0x0000000081000000,0x000000008142c5d0,0x0000000086580000)
 Metaspace       used 20634K, capacity 21166K, committed 21248K, reserved 1067008K
  class space    used 2624K, capacity 2803K, committed 2816K, reserved 1048576K
}
Event: 4.762 GC heap before
{Heap before GC invocations=6 (full 1):
 PSYoungGen      total 71680K, used 5093K [0x00000000d5b00000, 0x00000000dee00000, 0x0000000100000000)
  eden space 66560K, 0% used [0x00000000d5b00000,0x00000000d5b00000,0x00000000d9c00000)
  from space 5120K, 99% used [0x00000000d9c00000,0x00000000da0f9798,0x00000000da100000)
  to   space 8704K, 0% used [0x00000000de580000,0x00000000de580000,0x00000000dee00000)
 ParOldGen       total 87552K, used 4273K [0x0000000081000000, 0x0000000086580000, 0x00000000d5b00000)
  object space 87552K, 4% used [0x0000000081000000,0x000000008142c5d0,0x0000000086580000)
 Metaspace       used 20634K, capacity 21166K, committed 21248K, reserved 1067008K
  class space    used 2624K, capacity 2803K, committed 2816K, reserved 1048576K
Event: 4.800 GC heap after
Heap after GC invocations=6 (full 1):
 PSYoungGen      total 71680K, used 0K [0x00000000d5b00000, 0x00000000dee00000, 0x0000000100000000)
  eden space 66560K, 0% used [0x00000000d5b00000,0x00000000d5b00000,0x00000000d9c00000)
  from space 5120K, 0% used [0x00000000d9c00000,0x00000000d9c00000,0x00000000da100000)
  to   space 8704K, 0% used [0x00000000de580000,0x00000000de580000,0x00000000dee00000)
 ParOldGen       total 55808K, used 8328K [0x0000000081000000, 0x0000000084680000, 0x00000000d5b00000)
  object space 55808K, 14% used [0x0000000081000000,0x0000000081822228,0x0000000084680000)
 Metaspace       used 20634K, capacity 21166K, committed 21248K, reserved 1067008K
  class space    used 2624K, capacity 2803K, committed 2816K, reserved 1048576K
}
Event: 5.639 GC heap before
{Heap before GC invocations=7 (full 1):
 PSYoungGen      total 71680K, used 66560K [0x00000000d5b00000, 0x00000000dee00000, 0x0000000100000000)
  eden space 66560K, 100% used [0x00000000d5b00000,0x00000000d9c00000,0x00000000d9c00000)
  from space 5120K, 0% used [0x00000000d9c00000,0x00000000d9c00000,0x00000000da100000)
  to   space 8704K, 0% used [0x00000000de580000,0x00000000de580000,0x00000000dee00000)
 ParOldGen       total 55808K, used 8328K [0x0000000081000000, 0x0000000084680000, 0x00000000d5b00000)
  object space 55808K, 14% used [0x0000000081000000,0x0000000081822228,0x0000000084680000)
 Metaspace       used 25774K, capacity 26550K, committed 26880K, reserved 1073152K
  class space    used 3272K, capacity 3473K, committed 3584K, reserved 1048576K
Event: 5.647 GC heap after
Heap after GC invocations=7 (full 1):
 PSYoungGen      total 116736K, used 6237K [0x00000000d5b00000, 0x00000000dec00000, 0x0000000100000000)
  eden space 110080K, 0% used [0x00000000d5b00000,0x00000000d5b00000,0x00000000dc680000)
  from space 6656K, 93% used [0x00000000de580000,0x00000000deb974e8,0x00000000dec00000)
  to   space 8704K, 0% used [0x00000000ddb00000,0x00000000ddb00000,0x00000000de380000)
 ParOldGen       total 55808K, used 8400K [0x0000000081000000, 0x0000000084680000, 0x00000000d5b00000)
  object space 55808K, 15% used [0x0000000081000000,0x0000000081834238,0x0000000084680000)
 Metaspace       used 25774K, capacity 26550K, committed 26880K, reserved 1073152K
  class space    used 3272K, capacity 3473K, committed 3584K, reserved 1048576K
}
Event: 6.584 GC heap before
{Heap before GC invocations=8 (full 1):
 PSYoungGen      total 116736K, used 116317K [0x00000000d5b00000, 0x00000000dec00000, 0x0000000100000000)
  eden space 110080K, 100% used [0x00000000d5b00000,0x00000000dc680000,0x00000000dc680000)
  from space 6656K, 93% used [0x00000000de580000,0x00000000deb974e8,0x00000000dec00000)
  to   space 8704K, 0% used [0x00000000ddb00000,0x00000000ddb00000,0x00000000de380000)
 ParOldGen       total 55808K, used 8400K [0x0000000081000000, 0x0000000084680000, 0x00000000d5b00000)
  object space 55808K, 15% used [0x0000000081000000,0x0000000081834238,0x0000000084680000)
 Metaspace       used 29436K, capacity 30488K, committed 30720K, reserved 1075200K
  class space    used 3829K, capacity 4042K, committed 4096K, reserved 1048576K
Event: 6.599 GC heap after
Heap after GC invocations=8 (full 1):
 PSYoungGen      total 139776K, used 8685K [0x00000000d5b00000, 0x00000000e2300000, 0x0000000100000000)
  eden space 131072K, 0% used [0x00000000d5b00000,0x00000000d5b00000,0x00000000ddb00000)
  from space 8704K, 99% used [0x00000000ddb00000,0x00000000de37b500,0x00000000de380000)
  to   space 11264K, 0% used [0x00000000e1800000,0x00000000e1800000,0x00000000e2300000)
 ParOldGen       total 55808K, used 11645K [0x0000000081000000, 0x0000000084680000, 0x00000000d5b00000)
  object space 55808K, 20% used [0x0000000081000000,0x0000000081b5f578,0x0000000084680000)
 Metaspace       used 29436K, capacity 30488K, committed 30720K, reserved 1075200K
  class space    used 3829K, capacity 4042K, committed 4096K, reserved 1048576K
}

