# JRE version: Java(TM) SE Runtime Environment (8.0_161-b12) (build 1.8.0_161-b12)
# Java VM: Java HotSpot(TM) 64-Bit Server VM (25.161-b12 mixed mode windows-amd64 compressed oops)
Heap:
 PSYoungGen      total 172032K, used 3074K [0x00000000d5b00000, 0x00000000e3480000, 0x0000000100000000)
  eden space 157696K, 0% used [0x00000000d5b00000,0x00000000d5b00000,0x00000000df500000)
  from space 14336K, 21% used [0x00000000df500000,0x00000000df800870,0x00000000e0300000)
  to   space 14336K, 0% used [0x00000000e2680000,0x00000000e2680000,0x00000000e3480000)
 ParOldGen       total 100864K, used 19568K [0x0000000081000000, 0x0000000087280000, 0x00000000d5b00000)
  object space 100864K, 19% used [0x0000000081000000,0x000000008231c2b8,0x0000000087280000)
 Metaspace       used 36909K, capacity 38200K, committed 38232K, reserved 1087488K
  class space    used 4718K, capacity 4992K, committed 4992K, reserved 1048576K
GC Heap History (10 events):
Event: 3.857 GC heap before
{Heap before GC invocations=6 (full 1):
 PSYoungGen      total 71680K, used 5111K [0x00000000d5b00000, 0x00000000dee00000, 0x0000000100000000)
  eden space 66560K, 0% used [0x00000000d5b00000,0x00000000d5b00000,0x00000000d9c00000)
  from space 5120K, 99% used [0x00000000d9c00000,0x00000000da0fde28,0x00000000da100000)
  to   space 8704K, 0% used [0x00000000de580000,0x00000000de580000,0x00000000dee00000)
 ParOldGen       total 87552K, used 4204K [0x0000000081000000, 0x0000000086580000, 0x00000000d5b00000)
  object space 87552K, 4% used [0x0000000081000000,0x000000008141b1e0,0x0000000086580000)
 Metaspace       used 20572K, capacity 21134K, committed 21248K, reserved 1067008K
  class space    used 2613K, capacity 2771K, committed 2816K, reserved 1048576K
Event: 3.909 GC heap after
Heap after GC invocations=6 (full 1):
 PSYoungGen      total 71680K, used 0K [0x00000000d5b00000, 0x00000000dee00000, 0x0000000100000000)
  eden space 66560K, 0% used [0x00000000d5b00000,0x00000000d5b00000,0x00000000d9c00000)
  from space 5120K, 0% used [0x00000000d9c00000,0x00000000d9c00000,0x00000000da100000)
  to   space 8704K, 0% used [0x00000000de580000,0x00000000de580000,0x00000000dee00000)
 ParOldGen       total 59392K, used 8422K [0x0000000081000000, 0x0000000084a00000, 0x00000000d5b00000)
  object space 59392K, 14% used [0x0000000081000000,0x0000000081839840,0x0000000084a00000)
 Metaspace       used 20572K, capacity 21134K, committed 21248K, reserved 1067008K
  class space    used 2613K, capacity 2771K, committed 2816K, reserved 1048576K
}
Event: 4.607 GC heap before
{Heap before GC invocations=7 (full 1):
 PSYoungGen      total 71680K, used 66560K [0x00000000d5b00000, 0x00000000dee00000, 0x0000000100000000)
  eden space 66560K, 100% used [0x00000000d5b00000,0x00000000d9c00000,0x00000000d9c00000)
  from space 5120K, 0% used [0x00000000d9c00000,0x00000000d9c00000,0x00000000da100000)
  to   space 8704K, 0% used [0x00000000de580000,0x00000000de580000,0x00000000dee00000)
 ParOldGen       total 59392K, used 8422K [0x0000000081000000, 0x0000000084a00000, 0x00000000d5b00000)
  object space 59392K, 14% used [0x0000000081000000,0x0000000081839840,0x0000000084a00000)
 Metaspace       used 25811K, capacity 26678K, committed 26880K, reserved 1073152K
  class space    used 3271K, capacity 3473K, committed 3584K, reserved 1048576K
Event: 4.618 GC heap after
Heap after GC invocations=7 (full 1):
 PSYoungGen      total 110080K, used 6332K [0x00000000d5b00000, 0x00000000dec00000, 0x0000000100000000)
  eden space 103424K, 0% used [0x00000000d5b00000,0x00000000d5b00000,0x00000000dc000000)
  from space 6656K, 95% used [0x00000000de580000,0x00000000debaf290,0x00000000dec00000)
  to   space 8704K, 0% used [0x00000000ddb00000,0x00000000ddb00000,0x00000000de380000)
 ParOldGen       total 59392K, used 8494K [0x0000000081000000, 0x0000000084a00000, 0x00000000d5b00000)
  object space 59392K, 14% used [0x0000000081000000,0x000000008184b850,0x0000000084a00000)
 Metaspace       used 25811K, capacity 26678K, committed 26880K, reserved 1073152K
  class space    used 3271K, capacity 3473K, committed 3584K, reserved 1048576K
}
Event: 5.400 GC heap before
{Heap before GC invocations=8 (full 1):
 PSYoungGen      total 110080K, used 109756K [0x00000000d5b00000, 0x00000000dec00000, 0x0000000100000000)
  eden space 103424K, 100% used [0x00000000d5b00000,0x00000000dc000000,0x00000000dc000000)
  from space 6656K, 95% used [0x00000000de580000,0x00000000debaf290,0x00000000dec00000)
  to   space 8704K, 0% used [0x00000000ddb00000,0x00000000ddb00000,0x00000000de380000)
 ParOldGen       total 59392K, used 8494K [0x0000000081000000, 0x0000000084a00000, 0x00000000d5b00000)
  object space 59392K, 14% used [0x0000000081000000,0x000000008184b850,0x0000000084a00000)
 Metaspace       used 29229K, capacity 30304K, committed 30464K, reserved 1075200K
  class space    used 3789K, capacity 4006K, committed 4096K, reserved 1048576K
Event: 5.412 GC heap after
Heap after GC invocations=8 (full 1):
 PSYoungGen      total 139776K, used 8682K [0x00000000d5b00000, 0x00000000e0e00000, 0x0000000100000000)
  eden space 131072K, 0% used [0x00000000d5b00000,0x00000000d5b00000,0x00000000ddb00000)
  from space 8704K, 99% used [0x00000000ddb00000,0x00000000de37a918,0x00000000de380000)
  to   space 11264K, 0% used [0x00000000e0300000,0x00000000e0300000,0x00000000e0e00000)
 ParOldGen       total 59392K, used 11164K [0x0000000081000000, 0x0000000084a00000, 0x00000000d5b00000)
  object space 59392K, 18% used [0x0000000081000000,0x0000000081ae72e8,0x0000000084a00000)
 Metaspace       used 29229K, capacity 30304K, committed 30464K, reserved 1075200K
  class space    used 3789K, capacity 4006K, committed 4096K, reserved 1048576K
}
Event: 7.083 GC heap before
{Heap before GC invocations=9 (full 1):
 PSYoungGen      total 139776K, used 134486K [0x00000000d5b00000, 0x00000000e0e00000, 0x0000000100000000)
  eden space 131072K, 95% used [0x00000000d5b00000,0x00000000dd5daff0,0x00000000ddb00000)
  from space 8704K, 99% used [0x00000000ddb00000,0x00000000de37a918,0x00000000de380000)
  to   space 11264K, 0% used [0x00000000e0300000,0x00000000e0300000,0x00000000e0e00000)
 ParOldGen       total 59392K, used 11164K [0x0000000081000000, 0x0000000084a00000, 0x00000000d5b00000)
  object space 59392K, 18% used [0x0000000081000000,0x0000000081ae72e8,0x0000000084a00000)
 Metaspace       used 34059K, capacity 35300K, committed 35416K, reserved 1079296K
  class space    used 4402K, capacity 4678K, committed 4736K, reserved 1048576K
Event: 7.103 GC heap after
Heap after GC invocations=9 (full 1):
 PSYoungGen      total 168960K, used 11244K [0x00000000d5b00000, 0x00000000e3b00000, 0x0000000100000000)
  eden space 157696K, 0% used [0x00000000d5b00000,0x00000000d5b00000,0x00000000df500000)
  from space 11264K, 99% used [0x00000000e0300000,0x00000000e0dfb3e0,0x00000000e0e00000)
  to   space 14336K, 0% used [0x00000000df500000,0x00000000df500000,0x00000000e0300000)
 ParOldGen       total 59392K, used 14981K [0x0000000081000000, 0x0000000084a00000, 0x00000000d5b00000)
  object space 59392K, 25% used [0x0000000081000000,0x0000000081ea16d0,0x0000000084a00000)
 Metaspace       used 34059K, capacity 35300K, committed 35416K, reserved 1079296K
  class space    used 4402K, capacity 4678K, committed 4736K, reserved 1048576K
}
Event: 7.103 GC heap before
{Heap before GC invocations=10 (full 2):
 PSYoungGen      total 168960K, used 11244K [0x00000000d5b00000, 0x00000000e3b00000, 0x0000000100000000)
  eden space 157696K, 0% used [0x00000000d5b00000,0x00000000d5b00000,0x00000000df500000)
  from space 11264K, 99% used [0x00000000e0300000,0x00000000e0dfb3e0,0x00000000e0e00000)
  to   space 14336K, 0% used [0x00000000df500000,0x00000000df500000,0x00000000e0300000)
 ParOldGen       total 59392K, used 14981K [0x0000000081000000, 0x0000000084a00000, 0x00000000d5b00000)
  object space 59392K, 25% used [0x0000000081000000,0x0000000081ea16d0,0x0000000084a00000)
 Metaspace       used 34059K, capacity 35300K, committed 35416K, reserved 1079296K
  class space    used 4402K, capacity 4678K, committed 4736K, reserved 1048576K
Event: 7.205 GC heap after
Heap after GC invocations=10 (full 2):
 PSYoungGen      total 168960K, used 0K [0x00000000d5b00000, 0x00000000e3b00000, 0x0000000100000000)
  eden space 157696K, 0% used [0x00000000d5b00000,0x00000000d5b00000,0x00000000df500000)
  from space 11264K, 0% used [0x00000000e0300000,0x00000000e0300000,0x00000000e0e00000)
  to   space 14336K, 0% used [0x00000000df500000,0x00000000df500000,0x00000000e0300000)
 ParOldGen       total 100864K, used 19568K [0x0000000081000000, 0x0000000087280000, 0x00000000d5b00000)
  object space 100864K, 19% used [0x0000000081000000,0x000000008231c2b8,0x0000000087280000)
 Metaspace       used 34059K, capacity 35300K, committed 35416K, reserved 1079296K
  class space    used 4402K, capacity 4678K, committed 4736K, reserved 1048576K
}

