# JRE version: Java(TM) SE Runtime Environment (8.0_161-b12) (build 1.8.0_161-b12)
# Java VM: Java HotSpot(TM) 64-Bit Server VM (25.161-b12 mixed mode windows-amd64 compressed oops)
Heap:
 PSYoungGen      total 63488K, used 57471K [0x00000000d5b00000, 0x00000000db400000, 0x0000000100000000)
  eden space 58368K, 98% used [0x00000000d5b00000,0x00000000d931fc18,0x00000000d9400000)
  from space 5120K, 0% used [0x00000000da100000,0x00000000da100000,0x00000000da600000)
  to   space 13312K, 0% used [0x00000000d9400000,0x00000000d9400000,0x00000000da100000)
 ParOldGen       total 80896K, used 20504K [0x0000000081000000, 0x0000000085f00000, 0x00000000d5b00000)
  object space 80896K, 25% used [0x0000000081000000,0x0000000082406348,0x0000000085f00000)
 Metaspace       used 22092K, capacity 22582K, committed 22704K, reserved 1069056K
  class space    used 2623K, capacity 2786K, committed 2816K, reserved 1048576K
GC Heap History (10 events):
Event: 4.108 GC heap before
{Heap before GC invocations=3 (full 0):
 PSYoungGen      total 38400K, used 38379K [0x00000000d5b00000, 0x00000000d8580000, 0x0000000100000000)
  eden space 33280K, 100% used [0x00000000d5b00000,0x00000000d7b80000,0x00000000d7b80000)
  from space 5120K, 99% used [0x00000000d8080000,0x00000000d857acb0,0x00000000d8580000)
  to   space 5120K, 0% used [0x00000000d7b80000,0x00000000d7b80000,0x00000000d8080000)
 ParOldGen       total 87552K, used 2687K [0x0000000081000000, 0x0000000086580000, 0x00000000d5b00000)
  object space 87552K, 3% used [0x0000000081000000,0x000000008129ff90,0x0000000086580000)
 Metaspace       used 14914K, capacity 15090K, committed 15360K, reserved 1062912K
  class space    used 1836K, capacity 1942K, committed 2048K, reserved 1048576K
Event: 4.129 GC heap after
Heap after GC invocations=3 (full 0):
 PSYoungGen      total 38400K, used 5088K [0x00000000d5b00000, 0x00000000da600000, 0x0000000100000000)
  eden space 33280K, 0% used [0x00000000d5b00000,0x00000000d5b00000,0x00000000d7b80000)
  from space 5120K, 99% used [0x00000000d7b80000,0x00000000d8078020,0x00000000d8080000)
  to   space 5120K, 0% used [0x00000000da100000,0x00000000da100000,0x00000000da600000)
 ParOldGen       total 87552K, used 6402K [0x0000000081000000, 0x0000000086580000, 0x00000000d5b00000)
  object space 87552K, 7% used [0x0000000081000000,0x0000000081640a60,0x0000000086580000)
 Metaspace       used 14914K, capacity 15090K, committed 15360K, reserved 1062912K
  class space    used 1836K, capacity 1942K, committed 2048K, reserved 1048576K
}
Event: 5.134 GC heap before
{Heap before GC invocations=4 (full 0):
 PSYoungGen      total 38400K, used 38368K [0x00000000d5b00000, 0x00000000da600000, 0x0000000100000000)
  eden space 33280K, 100% used [0x00000000d5b00000,0x00000000d7b80000,0x00000000d7b80000)
  from space 5120K, 99% used [0x00000000d7b80000,0x00000000d8078020,0x00000000d8080000)
  to   space 5120K, 0% used [0x00000000da100000,0x00000000da100000,0x00000000da600000)
 ParOldGen       total 87552K, used 6402K [0x0000000081000000, 0x0000000086580000, 0x00000000d5b00000)
  object space 87552K, 7% used [0x0000000081000000,0x0000000081640a60,0x0000000086580000)
 Metaspace       used 15360K, capacity 15544K, committed 15872K, reserved 1062912K
  class space    used 1861K, capacity 1943K, committed 2048K, reserved 1048576K
Event: 5.151 GC heap after
Heap after GC invocations=4 (full 0):
 PSYoungGen      total 71680K, used 5104K [0x00000000d5b00000, 0x00000000da600000, 0x0000000100000000)
  eden space 66560K, 0% used [0x00000000d5b00000,0x00000000d5b00000,0x00000000d9c00000)
  from space 5120K, 99% used [0x00000000da100000,0x00000000da5fc010,0x00000000da600000)
  to   space 5120K, 0% used [0x00000000d9c00000,0x00000000d9c00000,0x00000000da100000)
 ParOldGen       total 87552K, used 10287K [0x0000000081000000, 0x0000000086580000, 0x00000000d5b00000)
  object space 87552K, 11% used [0x0000000081000000,0x0000000081a0bc20,0x0000000086580000)
 Metaspace       used 15360K, capacity 15544K, committed 15872K, reserved 1062912K
  class space    used 1861K, capacity 1943K, committed 2048K, reserved 1048576K
}
Event: 8.054 GC heap before
{Heap before GC invocations=5 (full 0):
 PSYoungGen      total 71680K, used 71664K [0x00000000d5b00000, 0x00000000da600000, 0x0000000100000000)
  eden space 66560K, 100% used [0x00000000d5b00000,0x00000000d9c00000,0x00000000d9c00000)
  from space 5120K, 99% used [0x00000000da100000,0x00000000da5fc010,0x00000000da600000)
  to   space 5120K, 0% used [0x00000000d9c00000,0x00000000d9c00000,0x00000000da100000)
 ParOldGen       total 87552K, used 10287K [0x0000000081000000, 0x0000000086580000, 0x00000000d5b00000)
  object space 87552K, 11% used [0x0000000081000000,0x0000000081a0bc20,0x0000000086580000)
 Metaspace       used 15890K, capacity 16136K, committed 16384K, reserved 1062912K
  class space    used 1892K, capacity 1983K, committed 2048K, reserved 1048576K
Event: 8.071 GC heap after
Heap after GC invocations=5 (full 0):
 PSYoungGen      total 71680K, used 5104K [0x00000000d5b00000, 0x00000000da600000, 0x0000000100000000)
  eden space 66560K, 0% used [0x00000000d5b00000,0x00000000d5b00000,0x00000000d9c00000)
  from space 5120K, 99% used [0x00000000d9c00000,0x00000000da0fc030,0x00000000da100000)
  to   space 5120K, 0% used [0x00000000da100000,0x00000000da100000,0x00000000da600000)
 ParOldGen       total 87552K, used 16839K [0x0000000081000000, 0x0000000086580000, 0x00000000d5b00000)
  object space 87552K, 19% used [0x0000000081000000,0x0000000082071da8,0x0000000086580000)
 Metaspace       used 15890K, capacity 16136K, committed 16384K, reserved 1062912K
  class space    used 1892K, capacity 1983K, committed 2048K, reserved 1048576K
}
Event: 11.937 GC heap before
{Heap before GC invocations=6 (full 0):
 PSYoungGen      total 71680K, used 66092K [0x00000000d5b00000, 0x00000000da600000, 0x0000000100000000)
  eden space 66560K, 91% used [0x00000000d5b00000,0x00000000d968f180,0x00000000d9c00000)
  from space 5120K, 99% used [0x00000000d9c00000,0x00000000da0fc030,0x00000000da100000)
  to   space 5120K, 0% used [0x00000000da100000,0x00000000da100000,0x00000000da600000)
 ParOldGen       total 87552K, used 16839K [0x0000000081000000, 0x0000000086580000, 0x00000000d5b00000)
  object space 87552K, 19% used [0x0000000081000000,0x0000000082071da8,0x0000000086580000)
 Metaspace       used 20662K, capacity 21174K, committed 21296K, reserved 1069056K
  class space    used 2483K, capacity 2658K, committed 2688K, reserved 1048576K
Event: 11.963 GC heap after
Heap after GC invocations=6 (full 0):
 PSYoungGen      total 63488K, used 5088K [0x00000000d5b00000, 0x00000000db400000, 0x0000000100000000)
  eden space 58368K, 0% used [0x00000000d5b00000,0x00000000d5b00000,0x00000000d9400000)
  from space 5120K, 99% used [0x00000000da100000,0x00000000da5f8020,0x00000000da600000)
  to   space 13312K, 0% used [0x00000000d9400000,0x00000000d9400000,0x00000000da100000)
 ParOldGen       total 87552K, used 21995K [0x0000000081000000, 0x0000000086580000, 0x00000000d5b00000)
  object space 87552K, 25% used [0x0000000081000000,0x000000008257af40,0x0000000086580000)
 Metaspace       used 20662K, capacity 21174K, committed 21296K, reserved 1069056K
  class space    used 2483K, capacity 2658K, committed 2688K, reserved 1048576K
}
Event: 11.963 GC heap before
{Heap before GC invocations=7 (full 1):
 PSYoungGen      total 63488K, used 5088K [0x00000000d5b00000, 0x00000000db400000, 0x0000000100000000)
  eden space 58368K, 0% used [0x00000000d5b00000,0x00000000d5b00000,0x00000000d9400000)
  from space 5120K, 99% used [0x00000000da100000,0x00000000da5f8020,0x00000000da600000)
  to   space 13312K, 0% used [0x00000000d9400000,0x00000000d9400000,0x00000000da100000)
 ParOldGen       total 87552K, used 21995K [0x0000000081000000, 0x0000000086580000, 0x00000000d5b00000)
  object space 87552K, 25% used [0x0000000081000000,0x000000008257af40,0x0000000086580000)
 Metaspace       used 20662K, capacity 21174K, committed 21296K, reserved 1069056K
  class space    used 2483K, capacity 2658K, committed 2688K, reserved 1048576K
Event: 12.096 GC heap after
Heap after GC invocations=7 (full 1):
 PSYoungGen      total 63488K, used 0K [0x00000000d5b00000, 0x00000000db400000, 0x0000000100000000)
  eden space 58368K, 0% used [0x00000000d5b00000,0x00000000d5b00000,0x00000000d9400000)
  from space 5120K, 0% used [0x00000000da100000,0x00000000da100000,0x00000000da600000)
  to   space 13312K, 0% used [0x00000000d9400000,0x00000000d9400000,0x00000000da100000)
 ParOldGen       total 80896K, used 20504K [0x0000000081000000, 0x0000000085f00000, 0x00000000d5b00000)
  object space 80896K, 25% used [0x0000000081000000,0x0000000082406348,0x0000000085f00000)
 Metaspace       used 20662K, capacity 21174K, committed 21296K, reserved 1069056K
  class space    used 2483K, capacity 2658K, committed 2688K, reserved 1048576K
}

